<?xml version="1.0" encoding="UTF-8"?>
<!-- Generated by org.testng.reporters.JUnitReportReporter -->
<testsuite hostname="LAPTOP-G2269VG2" failures="0" tests="1" name="IBM.RestAssignment3.TestCase2" time="4.000" errors="0" timestamp="31 May 2021 12:23:57 GMT" skipped="0">
  <testcase classname="IBM.RestAssignment3.TestCase2" name="soapexample" time="4.000"/>
</testsuite> <!-- IBM.RestAssignment3.TestCase2 -->
