<?xml version="1.0" encoding="UTF-8"?>
<!-- Generated by org.testng.reporters.JUnitReportReporter -->
<testsuite hostname="LAPTOP-G2269VG2" failures="0" tests="2" name="IBM.RestAssignment3.Testcase1" time="2.944" errors="0" timestamp="31 May 2021 12:25:39 GMT" skipped="0">
  <testcase classname="IBM.RestAssignment3.Testcase1" name="datasourceexample" time="0.066"/>
  <testcase classname="IBM.RestAssignment3.Testcase1" name="datasourceexample" time="2.878"/>
</testsuite> <!-- IBM.RestAssignment3.Testcase1 -->
